<?xml version="1.0" encoding="UTF-8"?>
<!-- Generated by org.testng.reporters.JUnitReportReporter -->
<testsuite hostname="LAPTOP-1EOT3DG4" failures="0" tests="1" name="Jabatalks.Testing.Test1" time="7.002" errors="0" timestamp="2021-10-24T23:03:49 IST" skipped="0">
  <testcase classname="Jabatalks.Testing.Test1" name="signUp" time="7.002"/>
  <system-out/>
</testsuite> <!-- Jabatalks.Testing.Test1 -->
